<?xml version="1.0" encoding="UTF-8"?>
<testsuite xmlns:xsi="http://www.w3.org/2001/XMLSchema-instance" xsi:noNamespaceSchemaLocation="https://maven.apache.org/surefire/maven-surefire-plugin/xsd/surefire-test-report-3.0.xsd" version="3.0" name="com.duoc.RunCucumberTest" time="84.894" tests="8" errors="0" skipped="0" failures="0">
  <properties>
[...]
</properties>
  <testcase name="Ingreso a account history" classname="Ingresar a Account History" time="13.63">
    <system-out><![CDATA[
Scenario: Ingreso a account history                                                                     &amp#27;[90m# features/accountHistory.feature:7&amp#27;[0m
  &amp#27;[32mGiven &amp#27;[0m&amp#27;[32mel navegador esta abierto en la pagina &amp#27;[0m&amp#27;[32m&amp#27;[1m"https://demo.testfire.net/"&amp#27;[0m                             &amp#27;[90m# com.duoc.steps.AccountHistorySteps.el_navegador_esta_abierto_en_la_pagina(java.lang.String)&amp#27;[0m
  &amp#27;[32mAnd &amp#27;[0m&amp#27;[32mel usuario realiza clic en &amp#27;[0m&amp#27;[32m&amp#27;[1m"//a[@id='AccountLink']"&amp#27;[0m&amp#27;[32m para dirigirse a la pagina de login&amp#27;[0m           &amp#27;[90m# com.duoc.steps.AccountHistorySteps.el_usuario_realiza_clic_en_para_dirigirse_a_la_pagina_de_login(java.lang.String)&amp#27;[0m
  &amp#27;[32mWhen &amp#27;[0m&amp#27;[32mel usuario ingresa en &amp#27;[0m&amp#27;[32m&amp#27;[1m"//input[@id='uid']"&amp#27;[0m&amp#27;[32m el &amp#27;[0m&amp#27;[32m&amp#27;[1m"jsmith"&amp#27;[0m&amp#27;[32m y en &amp#27;[0m&amp#27;[32m&amp#27;[1m"//input[@id='passw']"&amp#27;[0m&amp#27;[32m la &amp#27;[0m&amp#27;[32m&amp#27;[1m"Demo1234"&amp#27;[0m &amp#27;[90m# com.duoc.steps.AccountHistorySteps.el_usuario_ingresa_en_el_y_en_la(java.lang.String,java.lang.String,java.lang.String,java.lang.String)&amp#27;[0m
  &amp#27;[32mAnd &amp#27;[0m&amp#27;[32mhace clic en el boton de login &amp#27;[0m&amp#27;[32m&amp#27;[1m"//input[@value='Login']"&amp#27;[0m                                          &amp#27;[90m# com.duoc.steps.AccountHistorySteps.hace_clic_en_el_boton_de_login(java.lang.String)&amp#27;[0m
  &amp#27;[32mAnd &amp#27;[0m&amp#27;[32mel usuario hace clic en &amp#27;[0m&amp#27;[32m&amp#27;[1m"//input[@value='   GO   ']"&amp#27;[0m                                              &amp#27;[90m# com.duoc.steps.AccountHistorySteps.el_usuario_hace_clic_en(java.lang.String)&amp#27;[0m
El campo del mensaje se encuentra
  &amp#27;[32mThen &amp#27;[0m&amp#27;[32mdeberia mostrar el campo &amp#27;[0m&amp#27;[32m&amp#27;[1m"//h1"&amp#27;[0m&amp#27;[32m con el mensaje &amp#27;[0m&amp#27;[32m&amp#27;[1m"Account History - 800002 Savings"&amp#27;[0m                &amp#27;[90m# com.duoc.steps.AccountHistorySteps.deberia_mostar_el_campo_con_el_mensaje(java.lang.String,java.lang.String)&amp#27;[0m
]]></system-out>
    <system-err><![CDATA[SLF4J(W): No SLF4J providers were found.
SLF4J(W): Defaulting to no-operation (NOP) logger implementation
SLF4J(W): See https://www.slf4j.org/codes.html#noProviders for further details.
nov 27, 2025 7:12:41 P. M. org.openqa.selenium.devtools.CdpVersionFinder findNearestMatch
WARNING: Unable to find CDP implementation matching 142
nov 27, 2025 7:12:41 P. M. org.openqa.selenium.chromium.ChromiumDriver lambda$new$5
WARNING: Unable to find version of CDP to use for 142.0.7444.176. You may need to include a dependency on a specific version of the CDP using something similar to `org.seleniumhq.selenium:selenium-devtools-v86:4.21.0` where the version ("v86") matches the version of the chromium-based browser you're using and the version number of the artifact is the same as Selenium's.
]]></system-err>
  </testcase>
  <testcase name="status exitoso" classname="Comprobacion check status" time="8.36">
    <system-out><![CDATA[
Scenario: status exitoso                                                                                            &amp#27;[90m# features/check.feature:7&amp#27;[0m
  &amp#27;[32mGiven &amp#27;[0m&amp#27;[32mel navegador se encuentra abierto en &amp#27;[0m&amp#27;[32m&amp#27;[1m"https://demo.testfire.net/"&amp#27;[0m                                           &amp#27;[90m# com.duoc.steps.CheckSteps.el_navegador_se_encuentra_abierto_en(java.lang.String)&amp#27;[0m
  &amp#27;[32mAnd &amp#27;[0m&amp#27;[32mel usuario realiza clic en &amp#27;[0m&amp#27;[32m&amp#27;[1m"//a[@href='/status_check.jsp']"&amp#27;[0m&amp#27;[32m para dirigirse a la pagina de server status check&amp#27;[0m &amp#27;[90m# com.duoc.steps.CheckSteps.el_usuario_realiza_clic_en_para_dirigirse_a_la_pagina_de_server_status_check(java.lang.String)&amp#27;[0m
  &amp#27;[32mWhen &amp#27;[0m&amp#27;[32mel usuario hace clic en &amp#27;[0m&amp#27;[32m&amp#27;[1m"//input[@value='Check Status']"&amp#27;[0m&amp#27;[32m para verificar el servidor&amp#27;[0m                          &amp#27;[90m# com.duoc.steps.CheckSteps.el_usuario_hace_clic_en_para_verificar_el_servidor(java.lang.String)&amp#27;[0m
El campo del mensaje se encuentra
  &amp#27;[32mThen &amp#27;[0m&amp#27;[32mSe deberia mostrar el mensaje &amp#27;[0m&amp#27;[32m&amp#27;[1m"//div[@id='FetchHostStatus']"&amp#27;[0m&amp#27;[32m con el mensaje &amp#27;[0m&amp#27;[32m&amp#27;[1m"OK"&amp#27;[0m                             &amp#27;[90m# com.duoc.steps.CheckSteps.se_deberia_mostrar_el_mensaje_con_el_mensaje(java.lang.String,java.lang.String)&amp#27;[0m
]]></system-out>
    <system-err><![CDATA[nov 27, 2025 7:12:54 P. M. org.openqa.selenium.devtools.CdpVersionFinder findNearestMatch
WARNING: Unable to find CDP implementation matching 142
nov 27, 2025 7:12:54 P. M. org.openqa.selenium.chromium.ChromiumDriver lambda$new$5
WARNING: Unable to find version of CDP to use for 142.0.7444.176. You may need to include a dependency on a specific version of the CDP using something similar to `org.seleniumhq.selenium:selenium-devtools-v86:4.21.0` where the version ("v86") matches the version of the chromium-based browser you're using and the version number of the artifact is the same as Selenium's.
]]></system-err>
  </testcase>
  <testcase name="feedback fallido" classname="Navegacion hacia feedback" time="15.133">
    <system-out><![CDATA[
Scenario: feedback fallido                                                                                                                                                                                                                             &amp#27;[90m# features/feedback.feature:7&amp#27;[0m
  &amp#27;[32mGiven &amp#27;[0m&amp#27;[32mel navegador esta abierto en pagina&amp#27;[0m&amp#27;[32m&amp#27;[1m"https://demo.testfire.net/"&amp#27;[0m                                                                                                                                                                                &amp#27;[90m# com.duoc.steps.FeedbackSteps.el_navegador_esta_abierto_en(java.lang.String)&amp#27;[0m
  &amp#27;[32mAnd &amp#27;[0m&amp#27;[32mel usuario realiza clic en &amp#27;[0m&amp#27;[32m&amp#27;[1m"//a[@id='HyperLink4']"&amp#27;[0m&amp#27;[32m para dirigirse a la pagina de feedback&amp#27;[0m                                                                                                                                                        &amp#27;[90m# com.duoc.steps.FeedbackSteps.el_usuario_realiza_clic_en_para_dirigirse_a_la_pagina_de_suscripcion(java.lang.String)&amp#27;[0m
  &amp#27;[32mWhen &amp#27;[0m&amp#27;[32mel usuario ingresa en &amp#27;[0m&amp#27;[32m&amp#27;[1m"//input[@name='name']"&amp#27;[0m&amp#27;[32m el &amp#27;[0m&amp#27;[32m&amp#27;[1m"Christian Perez"&amp#27;[0m&amp#27;[32m y en &amp#27;[0m&amp#27;[32m&amp#27;[1m"//input[@name='email_addr']"&amp#27;[0m&amp#27;[32m la &amp#27;[0m&amp#27;[32m&amp#27;[1m"Demo1234"&amp#27;[0m&amp#27;[32m tambien en &amp#27;[0m&amp#27;[32m&amp#27;[1m"//input[@name='subject']"&amp#27;[0m&amp#27;[32m la &amp#27;[0m&amp#27;[32m&amp#27;[1m"confirmacion"&amp#27;[0m&amp#27;[32m y en &amp#27;[0m&amp#27;[32m&amp#27;[1m"//textarea[@name='comments']"&amp#27;[0m&amp#27;[32m la &amp#27;[0m&amp#27;[32m&amp#27;[1m"revisar envio confirmacion"&amp#27;[0m &amp#27;[90m# com.duoc.steps.FeedbackSteps.el_usuario_ingresa_en_el_y_en_la_tambien_en_la_y_en_la(java.lang.String,java.lang.String,java.lang.String,java.lang.String,java.lang.String,java.lang.String,java.lang.String,java.lang.String)&amp#27;[0m
  &amp#27;[32mAnd &amp#27;[0m&amp#27;[32mhace clic en el boton de submit &amp#27;[0m&amp#27;[32m&amp#27;[1m"//input[@name='submit']"&amp#27;[0m                                                                                                                                                                                        &amp#27;[90m# com.duoc.steps.FeedbackSteps.hace_clic_en_el_boton_de_submit(java.lang.String)&amp#27;[0m
El campo del mensaje no se encuentra
  &amp#27;[32mThen &amp#27;[0m&amp#27;[32mSe deberia mostrar en el campo &amp#27;[0m&amp#27;[32m&amp#27;[1m"//h1"&amp#27;[0m&amp#27;[32m con el mensaje &amp#27;[0m&amp#27;[32m&amp#27;[1m"Thank you"&amp#27;[0m                                                                                                                                                                                &amp#27;[90m# com.duoc.steps.FeedbackSteps.se_deberia_mostrar_en_el_campo_con_el_mensaje(java.lang.String,java.lang.String)&amp#27;[0m
]]></system-out>
    <system-err><![CDATA[nov 27, 2025 7:13:02 P. M. org.openqa.selenium.devtools.CdpVersionFinder findNearestMatch
WARNING: Unable to find CDP implementation matching 142
nov 27, 2025 7:13:02 P. M. org.openqa.selenium.chromium.ChromiumDriver lambda$new$5
WARNING: Unable to find version of CDP to use for 142.0.7444.176. You may need to include a dependency on a specific version of the CDP using something similar to `org.seleniumhq.selenium:selenium-devtools-v86:4.21.0` where the version ("v86") matches the version of the chromium-based browser you're using and the version number of the artifact is the same as Selenium's.
]]></system-err>
  </testcase>
  <testcase name="Example #1.1" classname="Examples" time="8.967">
    <system-out><![CDATA[
Scenario Outline: feedback exitoso                                                                                                                                                                                                                                    &amp#27;[90m# features/feedback.feature:21&amp#27;[0m
  &amp#27;[32mGiven &amp#27;[0m&amp#27;[32mel navegador esta abierto en pagina&amp#27;[0m&amp#27;[32m&amp#27;[1m"https://demo.testfire.net/"&amp#27;[0m                                                                                                                                                                                               &amp#27;[90m# com.duoc.steps.FeedbackSteps.el_navegador_esta_abierto_en(java.lang.String)&amp#27;[0m
  &amp#27;[32mAnd &amp#27;[0m&amp#27;[32mel usuario realiza clic en &amp#27;[0m&amp#27;[32m&amp#27;[1m"//a[@id='HyperLink4']"&amp#27;[0m&amp#27;[32m para dirigirse a la pagina de feedback&amp#27;[0m                                                                                                                                                                       &amp#27;[90m# com.duoc.steps.FeedbackSteps.el_usuario_realiza_clic_en_para_dirigirse_a_la_pagina_de_suscripcion(java.lang.String)&amp#27;[0m
  &amp#27;[32mWhen &amp#27;[0m&amp#27;[32mel usuario ingresa en &amp#27;[0m&amp#27;[32m&amp#27;[1m"//input[@name='name']"&amp#27;[0m&amp#27;[32m el &amp#27;[0m&amp#27;[32m&amp#27;[1m"Kevin Henriquez"&amp#27;[0m&amp#27;[32m y en &amp#27;[0m&amp#27;[32m&amp#27;[1m"//input[@name='email_addr']"&amp#27;[0m&amp#27;[32m la &amp#27;[0m&amp#27;[32m&amp#27;[1m"prueba@mail.com"&amp#27;[0m&amp#27;[32m tambien en &amp#27;[0m&amp#27;[32m&amp#27;[1m"//input[@name='subject']"&amp#27;[0m&amp#27;[32m la &amp#27;[0m&amp#27;[32m&amp#27;[1m"transferencia"&amp#27;[0m&amp#27;[32m y en &amp#27;[0m&amp#27;[32m&amp#27;[1m"//textarea[@name='comments']"&amp#27;[0m&amp#27;[32m la &amp#27;[0m&amp#27;[32m&amp#27;[1m"como puedo realizar transferencia"&amp#27;[0m &amp#27;[90m# com.duoc.steps.FeedbackSteps.el_usuario_ingresa_en_el_y_en_la_tambien_en_la_y_en_la(java.lang.String,java.lang.String,java.lang.String,java.lang.String,java.lang.String,java.lang.String,java.lang.String,java.lang.String)&amp#27;[0m
  &amp#27;[32mAnd &amp#27;[0m&amp#27;[32mhace clic en el boton de submit &amp#27;[0m&amp#27;[32m&amp#27;[1m"//input[@name='submit']"&amp#27;[0m                                                                                                                                                                                                       &amp#27;[90m# com.duoc.steps.FeedbackSteps.hace_clic_en_el_boton_de_submit(java.lang.String)&amp#27;[0m
El campo del mensaje no se encuentra
  &amp#27;[32mThen &amp#27;[0m&amp#27;[32mSe deberia mostrar en el campo &amp#27;[0m&amp#27;[32m&amp#27;[1m"//h1"&amp#27;[0m&amp#27;[32m con el mensaje &amp#27;[0m&amp#27;[32m&amp#27;[1m"Thank you"&amp#27;[0m                                                                                                                                                                                               &amp#27;[90m# com.duoc.steps.FeedbackSteps.se_deberia_mostrar_en_el_campo_con_el_mensaje(java.lang.String,java.lang.String)&amp#27;[0m
]]></system-out>
    <system-err><![CDATA[nov 27, 2025 7:13:17 P. M. org.openqa.selenium.devtools.CdpVersionFinder findNearestMatch
WARNING: Unable to find CDP implementation matching 142
nov 27, 2025 7:13:17 P. M. org.openqa.selenium.chromium.ChromiumDriver lambda$new$5
WARNING: Unable to find version of CDP to use for 142.0.7444.176. You may need to include a dependency on a specific version of the CDP using something similar to `org.seleniumhq.selenium:selenium-devtools-v86:4.21.0` where the version ("v86") matches the version of the chromium-based browser you're using and the version number of the artifact is the same as Selenium's.
]]></system-err>
  </testcase>
  <testcase name="Example #1.1" classname="Examples" time="8.383">
    <system-out><![CDATA[
Scenario Outline: Suscripcion fallida                                                                                   &amp#27;[90m# features/suscribe.feature:15&amp#27;[0m
  &amp#27;[32mGiven &amp#27;[0m&amp#27;[32mel navegador esta abierto en&amp#27;[0m&amp#27;[32m&amp#27;[1m"https://demo.testfire.net/"&amp#27;[0m                                                        &amp#27;[90m# com.duoc.steps.SuscribeSteps.el_navegador_esta_abierto_en(java.lang.String)&amp#27;[0m
  &amp#27;[32mAnd &amp#27;[0m&amp#27;[32mel usuario realiza clic en &amp#27;[0m&amp#27;[32m&amp#27;[1m"//a[@id='MenuHyperLink19']"&amp#27;[0m&amp#27;[32m para dirigirse a la pagina de suscripcion&amp#27;[0m                 &amp#27;[90m# com.duoc.steps.SuscribeSteps.el_usuario_realiza_clic_en_para_dirigirse_a_la_pagina_de_suscripcion(java.lang.String)&amp#27;[0m
  &amp#27;[32mWhen &amp#27;[0m&amp#27;[32mel usuario ingresa en &amp#27;[0m&amp#27;[32m&amp#27;[1m"//input[@id='txtEmail']"&amp#27;[0m&amp#27;[32m el &amp#27;[0m&amp#27;[32m&amp#27;[1m"mailjsmith"&amp#27;[0m                                                  &amp#27;[90m# com.duoc.steps.SuscribeSteps.el_usuario_ingresa_en_el(java.lang.String,java.lang.String)&amp#27;[0m
  &amp#27;[32mAnd &amp#27;[0m&amp#27;[32mhace clic en el boton de suscribe &amp#27;[0m&amp#27;[32m&amp#27;[1m"//input[@name='btnSubmit']"&amp#27;[0m                                                    &amp#27;[90m# com.duoc.steps.SuscribeSteps.hace_clic_en_el_boton_de_suscribe(java.lang.String)&amp#27;[0m
Mensaje de la Alerta: Your email address does not appear to be valid. Please try again.


  &amp#27;[32mThen &amp#27;[0m&amp#27;[32mSe deberia mostrar una alerta con el mensaje &amp#27;[0m&amp#27;[32m&amp#27;[1m"Your email address does not appear to be valid. Please try again."&amp#27;[0m &amp#27;[90m# com.duoc.steps.SuscribeSteps.se_deberia_mostrar_una_alerta_con_el_mensaje(java.lang.String)&amp#27;[0m
]]></system-out>
    <system-err><![CDATA[nov 27, 2025 7:13:48 P. M. org.openqa.selenium.devtools.CdpVersionFinder findNearestMatch
WARNING: Unable to find CDP implementation matching 142
nov 27, 2025 7:13:48 P. M. org.openqa.selenium.chromium.ChromiumDriver lambda$new$5
WARNING: Unable to find version of CDP to use for 142.0.7444.176. You may need to include a dependency on a specific version of the CDP using something similar to `org.seleniumhq.selenium:selenium-devtools-v86:4.21.0` where the version ("v86") matches the version of the chromium-based browser you're using and the version number of the artifact is the same as Selenium's.
]]></system-err>
  </testcase>
  <testcase name="Example #1.2" classname="Examples" time="8.878">
    <system-out><![CDATA[
Scenario Outline: feedback exitoso                                                                                                                                                                                                                      &amp#27;[90m# features/feedback.feature:22&amp#27;[0m
  &amp#27;[32mGiven &amp#27;[0m&amp#27;[32mel navegador esta abierto en pagina&amp#27;[0m&amp#27;[32m&amp#27;[1m"https://demo.testfire.net/"&amp#27;[0m                                                                                                                                                                                 &amp#27;[90m# com.duoc.steps.FeedbackSteps.el_navegador_esta_abierto_en(java.lang.String)&amp#27;[0m
  &amp#27;[32mAnd &amp#27;[0m&amp#27;[32mel usuario realiza clic en &amp#27;[0m&amp#27;[32m&amp#27;[1m"//a[@id='HyperLink4']"&amp#27;[0m&amp#27;[32m para dirigirse a la pagina de feedback&amp#27;[0m                                                                                                                                                         &amp#27;[90m# com.duoc.steps.FeedbackSteps.el_usuario_realiza_clic_en_para_dirigirse_a_la_pagina_de_suscripcion(java.lang.String)&amp#27;[0m
  &amp#27;[32mWhen &amp#27;[0m&amp#27;[32mel usuario ingresa en &amp#27;[0m&amp#27;[32m&amp#27;[1m"//input[@name='name']"&amp#27;[0m&amp#27;[32m el &amp#27;[0m&amp#27;[32m&amp#27;[1m"Diego lopez"&amp#27;[0m&amp#27;[32m y en &amp#27;[0m&amp#27;[32m&amp#27;[1m"//input[@name='email_addr']"&amp#27;[0m&amp#27;[32m la &amp#27;[0m&amp#27;[32m&amp#27;[1m"email@prueba.cl"&amp#27;[0m&amp#27;[32m tambien en &amp#27;[0m&amp#27;[32m&amp#27;[1m"//input[@name='subject']"&amp#27;[0m&amp#27;[32m la &amp#27;[0m&amp#27;[32m&amp#27;[1m"factura"&amp#27;[0m&amp#27;[32m y en &amp#27;[0m&amp#27;[32m&amp#27;[1m"//textarea[@name='comments']"&amp#27;[0m&amp#27;[32m la &amp#27;[0m&amp#27;[32m&amp#27;[1m"como puedo visualizar factura"&amp#27;[0m &amp#27;[90m# com.duoc.steps.FeedbackSteps.el_usuario_ingresa_en_el_y_en_la_tambien_en_la_y_en_la(java.lang.String,java.lang.String,java.lang.String,java.lang.String,java.lang.String,java.lang.String,java.lang.String,java.lang.String)&amp#27;[0m
  &amp#27;[32mAnd &amp#27;[0m&amp#27;[32mhace clic en el boton de submit &amp#27;[0m&amp#27;[32m&amp#27;[1m"//input[@name='submit']"&amp#27;[0m                                                                                                                                                                                         &amp#27;[90m# com.duoc.steps.FeedbackSteps.hace_clic_en_el_boton_de_submit(java.lang.String)&amp#27;[0m
El campo del mensaje no se encuentra
  &amp#27;[32mThen &amp#27;[0m&amp#27;[32mSe deberia mostrar en el campo &amp#27;[0m&amp#27;[32m&amp#27;[1m"//h1"&amp#27;[0m&amp#27;[32m con el mensaje &amp#27;[0m&amp#27;[32m&amp#27;[1m"Thank you"&amp#27;[0m                                                                                                                                                                                 &amp#27;[90m# com.duoc.steps.FeedbackSteps.se_deberia_mostrar_en_el_campo_con_el_mensaje(java.lang.String,java.lang.String)&amp#27;[0m
]]></system-out>
    <system-err><![CDATA[nov 27, 2025 7:13:26 P. M. org.openqa.selenium.devtools.CdpVersionFinder findNearestMatch
WARNING: Unable to find CDP implementation matching 142
nov 27, 2025 7:13:26 P. M. org.openqa.selenium.chromium.ChromiumDriver lambda$new$5
WARNING: Unable to find version of CDP to use for 142.0.7444.176. You may need to include a dependency on a specific version of the CDP using something similar to `org.seleniumhq.selenium:selenium-devtools-v86:4.21.0` where the version ("v86") matches the version of the chromium-based browser you're using and the version number of the artifact is the same as Selenium's.
]]></system-err>
  </testcase>
  <testcase name="Example #1.2" classname="Examples" time="8.324">
    <system-out><![CDATA[
Scenario Outline: Suscripcion fallida                                                                                   &amp#27;[90m# features/suscribe.feature:16&amp#27;[0m
  &amp#27;[32mGiven &amp#27;[0m&amp#27;[32mel navegador esta abierto en&amp#27;[0m&amp#27;[32m&amp#27;[1m"https://demo.testfire.net/"&amp#27;[0m                                                        &amp#27;[90m# com.duoc.steps.SuscribeSteps.el_navegador_esta_abierto_en(java.lang.String)&amp#27;[0m
  &amp#27;[32mAnd &amp#27;[0m&amp#27;[32mel usuario realiza clic en &amp#27;[0m&amp#27;[32m&amp#27;[1m"//a[@id='MenuHyperLink19']"&amp#27;[0m&amp#27;[32m para dirigirse a la pagina de suscripcion&amp#27;[0m                 &amp#27;[90m# com.duoc.steps.SuscribeSteps.el_usuario_realiza_clic_en_para_dirigirse_a_la_pagina_de_suscripcion(java.lang.String)&amp#27;[0m
  &amp#27;[32mWhen &amp#27;[0m&amp#27;[32mel usuario ingresa en &amp#27;[0m&amp#27;[32m&amp#27;[1m"//input[@id='txtEmail']"&amp#27;[0m&amp#27;[32m el &amp#27;[0m&amp#27;[32m&amp#27;[1m"pruebamail"&amp#27;[0m                                                  &amp#27;[90m# com.duoc.steps.SuscribeSteps.el_usuario_ingresa_en_el(java.lang.String,java.lang.String)&amp#27;[0m
  &amp#27;[32mAnd &amp#27;[0m&amp#27;[32mhace clic en el boton de suscribe &amp#27;[0m&amp#27;[32m&amp#27;[1m"//input[@name='btnSubmit']"&amp#27;[0m                                                    &amp#27;[90m# com.duoc.steps.SuscribeSteps.hace_clic_en_el_boton_de_suscribe(java.lang.String)&amp#27;[0m
Mensaje de la Alerta: Your email address does not appear to be valid. Please try again.


  &amp#27;[32mThen &amp#27;[0m&amp#27;[32mSe deberia mostrar una alerta con el mensaje &amp#27;[0m&amp#27;[32m&amp#27;[1m"Your email address does not appear to be valid. Please try again."&amp#27;[0m &amp#27;[90m# com.duoc.steps.SuscribeSteps.se_deberia_mostrar_una_alerta_con_el_mensaje(java.lang.String)&amp#27;[0m
]]></system-out>
    <system-err><![CDATA[nov 27, 2025 7:13:56 P. M. org.openqa.selenium.devtools.CdpVersionFinder findNearestMatch
WARNING: Unable to find CDP implementation matching 142
nov 27, 2025 7:13:56 P. M. org.openqa.selenium.chromium.ChromiumDriver lambda$new$5
WARNING: Unable to find version of CDP to use for 142.0.7444.176. You may need to include a dependency on a specific version of the CDP using something similar to `org.seleniumhq.selenium:selenium-devtools-v86:4.21.0` where the version ("v86") matches the version of the chromium-based browser you're using and the version number of the artifact is the same as Selenium's.
]]></system-err>
  </testcase>
  <testcase name="Cambio de idioma" classname="Escoger lenguaje pagina web" time="12.941">
    <system-out><![CDATA[
Scenario: Cambio de idioma                                                                                   &amp#27;[90m# features/languaje.feature:9&amp#27;[0m
  &amp#27;[32mGiven &amp#27;[0m&amp#27;[32mel navegador se encuentra en pagina &amp#27;[0m&amp#27;[32m&amp#27;[1m"https://demo.testfire.net/"&amp#27;[0m                                     &amp#27;[90m# com.duoc.steps.LanguajeSteps.el_navegador_se_encuentra_en_pagina(java.lang.String)&amp#27;[0m
  &amp#27;[32mAnd &amp#27;[0m&amp#27;[32mel usuario realiza un clic en &amp#27;[0m&amp#27;[32m&amp#27;[1m"//a[@id='AccountLink']"&amp#27;[0m&amp#27;[32m para dirigirse a la pagina de login&amp#27;[0m             &amp#27;[90m# com.duoc.steps.LanguajeSteps.el_usuario_realiza_un_clic_en_para_dirigirse_a_la_pagina_de_login(java.lang.String)&amp#27;[0m
  &amp#27;[32mAnd &amp#27;[0m&amp#27;[32mel usuario ingresa en campo &amp#27;[0m&amp#27;[32m&amp#27;[1m"//input[@id='uid']"&amp#27;[0m&amp#27;[32m el &amp#27;[0m&amp#27;[32m&amp#27;[1m"jsmith"&amp#27;[0m&amp#27;[32m y en &amp#27;[0m&amp#27;[32m&amp#27;[1m"//input[@id='passw']"&amp#27;[0m&amp#27;[32m la &amp#27;[0m&amp#27;[32m&amp#27;[1m"Demo1234"&amp#27;[0m &amp#27;[90m# com.duoc.steps.LanguajeSteps.el_usuario_ingresa_en_campo_el_y_en_la(java.lang.String,java.lang.String,java.lang.String,java.lang.String)&amp#27;[0m
  &amp#27;[32mAnd &amp#27;[0m&amp#27;[32mhace clic en boton de login &amp#27;[0m&amp#27;[32m&amp#27;[1m"//input[@value='Login']"&amp#27;[0m                                                  &amp#27;[90m# com.duoc.steps.LanguajeSteps.hace_clic_en_boton_de_login(java.lang.String)&amp#27;[0m
  &amp#27;[32mWhen &amp#27;[0m&amp#27;[32mel usuario ingresa a &amp#27;[0m&amp#27;[32m&amp#27;[1m"//a[@id='MenuHyperLink5']"&amp#27;[0m                                                      &amp#27;[90m# com.duoc.steps.LanguajeSteps.el_usuario_ingresa_a(java.lang.String)&amp#27;[0m
  &amp#27;[32mAnd &amp#27;[0m&amp#27;[32mel usuario hace clic en &amp#27;[0m&amp#27;[32m&amp#27;[1m"//a[@href='./customize.jsp?content=customize.jsp&lang=english']"&amp#27;[0m              &amp#27;[90m# com.duoc.steps.AccountHistorySteps.el_usuario_hace_clic_en(java.lang.String)&amp#27;[0m
El campo del mensaje no se encuentra
  &amp#27;[32mThen &amp#27;[0m&amp#27;[32mse deberia mostrar en el campo &amp#27;[0m&amp#27;[32m&amp#27;[1m"//p"&amp#27;[0m&amp#27;[32m el texto &amp#27;[0m&amp#27;[32m&amp#27;[1m"  Current Language: english	    "&amp#27;[0m                      &amp#27;[90m# com.duoc.steps.LanguajeSteps.se_deberia_mostrar_en_el_campo_el_texto(java.lang.String,java.lang.String)&amp#27;[0m
]]></system-out>
    <system-err><![CDATA[nov 27, 2025 7:13:35 P. M. org.openqa.selenium.devtools.CdpVersionFinder findNearestMatch
WARNING: Unable to find CDP implementation matching 142
nov 27, 2025 7:13:35 P. M. org.openqa.selenium.chromium.ChromiumDriver lambda$new$5
WARNING: Unable to find version of CDP to use for 142.0.7444.176. You may need to include a dependency on a specific version of the CDP using something similar to `org.seleniumhq.selenium:selenium-devtools-v86:4.21.0` where the version ("v86") matches the version of the chromium-based browser you're using and the version number of the artifact is the same as Selenium's.
]]></system-err>
  </testcase>
</testsuite>